# JRE version: OpenJDK Runtime Environment (11.0.10) (build 11.0.10+0-b96-7249189)
# Java VM: OpenJDK 64-Bit Server VM (11.0.10+0-b96-7249189, mixed mode, tiered, compressed oops, g1 gc, windows-amd64)
Heap:
 garbage-first heap   total 374784K, used 215449K [0x0000000080000000, 0x0000000100000000)
  region size 1024K, 56 young (57344K), 15 survivors (15360K)
 Metaspace       used 126939K, capacity 130594K, committed 130808K, reserved 1163264K
  class space    used 16198K, capacity 17609K, committed 17656K, reserved 1048576K
GC Heap History (20 events):
Event: 146.001 GC heap before
{Heap before GC invocations=33 (full 0):
 garbage-first heap   total 260096K, used 200293K [0x0000000080000000, 0x0000000100000000)
  region size 1024K, 83 young (84992K), 2 survivors (2048K)
 Metaspace       used 118647K, capacity 121617K, committed 121848K, reserved 1155072K
  class space    used 14937K, capacity 16034K, committed 16120K, reserved 1048576K
}
Event: 146.015 GC heap after
{Heap after GC invocations=34 (full 0):
 garbage-first heap   total 260096K, used 135756K [0x0000000080000000, 0x0000000100000000)
  region size 1024K, 11 young (11264K), 11 survivors (11264K)
 Metaspace       used 118647K, capacity 121617K, committed 121848K, reserved 1155072K
  class space    used 14937K, capacity 16034K, committed 16120K, reserved 1048576K
}
Event: 146.411 GC heap before
{Heap before GC invocations=35 (full 0):
 garbage-first heap   total 260096K, used 205388K [0x0000000080000000, 0x0000000100000000)
  region size 1024K, 80 young (81920K), 11 survivors (11264K)
 Metaspace       used 120673K, capacity 123829K, committed 124152K, reserved 1157120K
  class space    used 15286K, capacity 16494K, committed 16632K, reserved 1048576K
}
Event: 146.430 GC heap after
{Heap after GC invocations=36 (full 0):
 garbage-first heap   total 260096K, used 146603K [0x0000000080000000, 0x0000000100000000)
  region size 1024K, 10 young (10240K), 10 survivors (10240K)
 Metaspace       used 120673K, capacity 123829K, committed 124152K, reserved 1157120K
  class space    used 15286K, capacity 16494K, committed 16632K, reserved 1048576K
}
Event: 146.438 GC heap before
{Heap before GC invocations=36 (full 0):
 garbage-first heap   total 260096K, used 148651K [0x0000000080000000, 0x0000000100000000)
  region size 1024K, 12 young (12288K), 10 survivors (10240K)
 Metaspace       used 120707K, capacity 123829K, committed 124152K, reserved 1157120K
  class space    used 15294K, capacity 16494K, committed 16632K, reserved 1048576K
}
Event: 146.450 GC heap after
{Heap after GC invocations=37 (full 0):
 garbage-first heap   total 260096K, used 146353K [0x0000000080000000, 0x0000000100000000)
  region size 1024K, 2 young (2048K), 2 survivors (2048K)
 Metaspace       used 120707K, capacity 123829K, committed 124152K, reserved 1157120K
  class space    used 15294K, capacity 16494K, committed 16632K, reserved 1048576K
}
Event: 146.813 GC heap before
{Heap before GC invocations=37 (full 0):
 garbage-first heap   total 260096K, used 208817K [0x0000000080000000, 0x0000000100000000)
  region size 1024K, 64 young (65536K), 2 survivors (2048K)
 Metaspace       used 123961K, capacity 127301K, committed 127608K, reserved 1159168K
  class space    used 15880K, capacity 17167K, committed 17272K, reserved 1048576K
}
Event: 146.826 GC heap after
{Heap after GC invocations=38 (full 0):
 garbage-first heap   total 260096K, used 151304K [0x0000000080000000, 0x0000000100000000)
  region size 1024K, 7 young (7168K), 7 survivors (7168K)
 Metaspace       used 123961K, capacity 127301K, committed 127608K, reserved 1159168K
  class space    used 15880K, capacity 17167K, committed 17272K, reserved 1048576K
}
Event: 147.072 GC heap before
{Heap before GC invocations=38 (full 0):
 garbage-first heap   total 260096K, used 211720K [0x0000000080000000, 0x0000000100000000)
  region size 1024K, 66 young (67584K), 7 survivors (7168K)
 Metaspace       used 125033K, capacity 128506K, committed 128760K, reserved 1161216K
  class space    used 16024K, capacity 17352K, committed 17400K, reserved 1048576K
}
Event: 147.087 GC heap after
{Heap after GC invocations=39 (full 0):
 garbage-first heap   total 312320K, used 155887K [0x0000000080000000, 0x0000000100000000)
  region size 1024K, 5 young (5120K), 5 survivors (5120K)
 Metaspace       used 125033K, capacity 128506K, committed 128760K, reserved 1161216K
  class space    used 16024K, capacity 17352K, committed 17400K, reserved 1048576K
}
Event: 147.474 GC heap before
{Heap before GC invocations=39 (full 0):
 garbage-first heap   total 312320K, used 237807K [0x0000000080000000, 0x0000000100000000)
  region size 1024K, 85 young (87040K), 5 survivors (5120K)
 Metaspace       used 125790K, capacity 129284K, committed 129400K, reserved 1161216K
  class space    used 16114K, capacity 17481K, committed 17528K, reserved 1048576K
}
Event: 147.488 GC heap after
{Heap after GC invocations=40 (full 0):
 garbage-first heap   total 312320K, used 160548K [0x0000000080000000, 0x0000000100000000)
  region size 1024K, 10 young (10240K), 10 survivors (10240K)
 Metaspace       used 125790K, capacity 129284K, committed 129400K, reserved 1161216K
  class space    used 16114K, capacity 17481K, committed 17528K, reserved 1048576K
}
Event: 147.902 GC heap before
{Heap before GC invocations=40 (full 0):
 garbage-first heap   total 312320K, used 243492K [0x0000000080000000, 0x0000000100000000)
  region size 1024K, 91 young (93184K), 10 survivors (10240K)
 Metaspace       used 126063K, capacity 129655K, committed 129784K, reserved 1161216K
  class space    used 16173K, capacity 17566K, committed 17656K, reserved 1048576K
}
Event: 147.917 GC heap after
{Heap after GC invocations=41 (full 0):
 garbage-first heap   total 312320K, used 163547K [0x0000000080000000, 0x0000000100000000)
  region size 1024K, 8 young (8192K), 8 survivors (8192K)
 Metaspace       used 126063K, capacity 129655K, committed 129784K, reserved 1161216K
  class space    used 16173K, capacity 17566K, committed 17656K, reserved 1048576K
}
Event: 148.302 GC heap before
{Heap before GC invocations=41 (full 0):
 garbage-first heap   total 312320K, used 247515K [0x0000000080000000, 0x0000000100000000)
  region size 1024K, 91 young (93184K), 8 survivors (8192K)
 Metaspace       used 126285K, capacity 129929K, committed 130040K, reserved 1161216K
  class space    used 16176K, capacity 17569K, committed 17656K, reserved 1048576K
}
Event: 148.315 GC heap after
{Heap after GC invocations=42 (full 0):
 garbage-first heap   total 312320K, used 165146K [0x0000000080000000, 0x0000000100000000)
  region size 1024K, 6 young (6144K), 6 survivors (6144K)
 Metaspace       used 126285K, capacity 129929K, committed 130040K, reserved 1161216K
  class space    used 16176K, capacity 17569K, committed 17656K, reserved 1048576K
}
Event: 148.635 GC heap before
{Heap before GC invocations=42 (full 0):
 garbage-first heap   total 312320K, used 251162K [0x0000000080000000, 0x0000000100000000)
  region size 1024K, 91 young (93184K), 6 survivors (6144K)
 Metaspace       used 126480K, capacity 130162K, committed 130296K, reserved 1161216K
  class space    used 16187K, capacity 17577K, committed 17656K, reserved 1048576K
}
Event: 148.646 GC heap after
{Heap after GC invocations=43 (full 0):
 garbage-first heap   total 374784K, used 167209K [0x0000000080000000, 0x0000000100000000)
  region size 1024K, 8 young (8192K), 8 survivors (8192K)
 Metaspace       used 126480K, capacity 130162K, committed 130296K, reserved 1161216K
  class space    used 16187K, capacity 17577K, committed 17656K, reserved 1048576K
}
Event: 149.111 GC heap before
{Heap before GC invocations=43 (full 0):
 garbage-first heap   total 374784K, used 289065K [0x0000000080000000, 0x0000000100000000)
  region size 1024K, 128 young (131072K), 8 survivors (8192K)
 Metaspace       used 126737K, capacity 130367K, committed 130552K, reserved 1163264K
  class space    used 16192K, capacity 17577K, committed 17656K, reserved 1048576K
}
Event: 149.124 GC heap after
{Heap after GC invocations=44 (full 0):
 garbage-first heap   total 374784K, used 174489K [0x0000000080000000, 0x0000000100000000)
  region size 1024K, 15 young (15360K), 15 survivors (15360K)
 Metaspace       used 126737K, capacity 130367K, committed 130552K, reserved 1163264K
  class space    used 16192K, capacity 17577K, committed 17656K, reserved 1048576K
}

